[07-Mar-2025 16:50:57 America/Sao_Paulo] PHP Warning:  Erro 404: Página '2244304599565287200' não encontrada. in C:\xampp\htdocs\Schoollibrary\index.php on line 36
[07-Mar-2025 16:50:57 America/Sao_Paulo] PHP Warning:  Erro 404: Página '2657294777874586620' não encontrada. in C:\xampp\htdocs\Schoollibrary\index.php on line 36
[07-Mar-2025 16:50:57 America/Sao_Paulo] PHP Warning:  Erro 404: Página '930933691330222444' não encontrada. in C:\xampp\htdocs\Schoollibrary\index.php on line 36
[07-Mar-2025 16:50:57 America/Sao_Paulo] PHP Warning:  Erro 404: Página '4744749354801355720' não encontrada. in C:\xampp\htdocs\Schoollibrary\index.php on line 36
[07-Mar-2025 16:50:58 America/Sao_Paulo] PHP Warning:  Erro 404: Página 'health' não encontrada. in C:\xampp\htdocs\Schoollibrary\index.php on line 36
[07-Mar-2025 16:50:58 America/Sao_Paulo] PHP Warning:  Erro 404: Página 'health' não encontrada. in C:\xampp\htdocs\Schoollibrary\index.php on line 36
[07-Mar-2025 16:57:25 America/Sao_Paulo] PHP Warning:  Erro 404: Página '3476326760890928159.php' não encontrada. in C:\xampp\htdocs\Schoollibrary\index.php on line 36
[07-Mar-2025 16:57:25 America/Sao_Paulo] PHP Warning:  Erro 404: Página '1080891143573002219.php' não encontrada. in C:\xampp\htdocs\Schoollibrary\index.php on line 36
[07-Mar-2025 16:57:25 America/Sao_Paulo] PHP Warning:  Erro 404: Página '4444421456940459635' não encontrada. in C:\xampp\htdocs\Schoollibrary\index.php on line 36
[07-Mar-2025 16:57:25 America/Sao_Paulo] PHP Warning:  Erro 404: Página '6578292464817713100' não encontrada. in C:\xampp\htdocs\Schoollibrary\index.php on line 36
[07-Mar-2025 16:57:32 America/Sao_Paulo] PHP Warning:  Erro 404: Página 'Login.php' não encontrada. in C:\xampp\htdocs\Schoollibrary\index.php on line 36
[07-Mar-2025 16:57:33 America/Sao_Paulo] PHP Warning:  Undefined array key "csrf_token" in C:\xampp\htdocs\Schoollibrary\Controllers\LoginController.php on line 27
[07-Mar-2025 16:57:33 America/Sao_Paulo] PHP Warning:  Erro 404: Página 'health' não encontrada. in C:\xampp\htdocs\Schoollibrary\index.php on line 36
[07-Mar-2025 16:57:33 America/Sao_Paulo] PHP Warning:  Erro 404: Página 'health' não encontrada. in C:\xampp\htdocs\Schoollibrary\index.php on line 36
[07-Mar-2025 17:04:41 America/Sao_Paulo] PHP Warning:  Erro 404: Página '5692316276309404163' não encontrada. in C:\xampp\htdocs\Schoollibrary\index.php on line 36
[07-Mar-2025 17:04:41 America/Sao_Paulo] PHP Warning:  Erro 404: Página '2769875826797707234' não encontrada. in C:\xampp\htdocs\Schoollibrary\index.php on line 36
[07-Mar-2025 17:04:41 America/Sao_Paulo] PHP Warning:  Erro 404: Página '5716510136116476788' não encontrada. in C:\xampp\htdocs\Schoollibrary\index.php on line 36
[07-Mar-2025 17:04:41 America/Sao_Paulo] PHP Warning:  Erro 404: Página '5831923257675606183' não encontrada. in C:\xampp\htdocs\Schoollibrary\index.php on line 36
[07-Mar-2025 17:04:41 America/Sao_Paulo] PHP Warning:  Erro 404: Página 'health' não encontrada. in C:\xampp\htdocs\Schoollibrary\index.php on line 36
[07-Mar-2025 17:04:41 America/Sao_Paulo] PHP Warning:  Erro 404: Página 'health' não encontrada. in C:\xampp\htdocs\Schoollibrary\index.php on line 36
[07-Mar-2025 17:06:51 America/Sao_Paulo] PHP Warning:  Erro 404: Página '6255338583260379028' não encontrada. in C:\xampp\htdocs\Schoollibrary\index.php on line 36
[07-Mar-2025 17:06:51 America/Sao_Paulo] PHP Warning:  Erro 404: Página '2675282855961879704' não encontrada. in C:\xampp\htdocs\Schoollibrary\index.php on line 36
[07-Mar-2025 17:06:51 America/Sao_Paulo] PHP Warning:  Erro 404: Página '3720153695002494602' não encontrada. in C:\xampp\htdocs\Schoollibrary\index.php on line 36
[07-Mar-2025 17:06:51 America/Sao_Paulo] PHP Warning:  Erro 404: Página '2719070036400251621' não encontrada. in C:\xampp\htdocs\Schoollibrary\index.php on line 36
[07-Mar-2025 17:06:51 America/Sao_Paulo] PHP Warning:  Erro 404: Página 'health' não encontrada. in C:\xampp\htdocs\Schoollibrary\index.php on line 36
[07-Mar-2025 17:06:51 America/Sao_Paulo] PHP Warning:  Erro 404: Página 'health' não encontrada. in C:\xampp\htdocs\Schoollibrary\index.php on line 36
[07-Mar-2025 17:07:33 America/Sao_Paulo] PHP Warning:  Erro 404: Página '32518889703379377' não encontrada. in C:\xampp\htdocs\Schoollibrary\index.php on line 36
[07-Mar-2025 17:07:33 America/Sao_Paulo] PHP Warning:  Erro 404: Página '4066110557320780838' não encontrada. in C:\xampp\htdocs\Schoollibrary\index.php on line 36
[07-Mar-2025 17:07:33 America/Sao_Paulo] PHP Warning:  Erro 404: Página '3891706634823080028' não encontrada. in C:\xampp\htdocs\Schoollibrary\index.php on line 36
[07-Mar-2025 17:07:33 America/Sao_Paulo] PHP Warning:  Erro 404: Página '2570915443393702522' não encontrada. in C:\xampp\htdocs\Schoollibrary\index.php on line 36
[07-Mar-2025 17:07:34 America/Sao_Paulo] PHP Warning:  Erro 404: Página 'health' não encontrada. in C:\xampp\htdocs\Schoollibrary\index.php on line 36
[07-Mar-2025 17:07:34 America/Sao_Paulo] PHP Warning:  Erro 404: Página 'health' não encontrada. in C:\xampp\htdocs\Schoollibrary\index.php on line 36
