[2025-02-23 15:43:30] Requisição recebida: POST - /schoollibrary/Models/Insert_Reservas.php
{
    "csrf_token": "ac24e62cf17ccb1039c2ae81441d4332f9cc669b7eec8e32acb55c8539bcc4f8",
    "add_matricula_aluno": "202319203",
    "add_turma_aluno": "4º A",
    "add_nome_aluno": "Dani Martins",
    "add_titulo_livro": "O Último Refúgio ",
    "add_data_reserva": "2025-02-16",
    "add_data_expiracao": "2025-02-23",
    "add_situacao": "Reservado"
}
[2025-02-23 21:49:46] Requisição recebida: POST - /schoollibrary/Models/Update_Reservas.php
{
    "csrf_token": "2f3ad129cace08c304e7043f93bea58147d5f53acd06e0c0c1ae69bdcc5f0afc",
    "codReserva": "7",
    "editaMatricula": "202319203",
    "editaTurma": "4º A",
    "editaAluno": "Dani Martins",
    "editaTitulo": "O Último Refúgio ",
    "editaReserva": "2025-02-16",
    "editaExpiracao": "2025-02-23",
    "editaSituacao": "Disponível"
}
[2025-02-23 21:51:09] Requisição recebida: POST - /schoollibrary/Models/Insert_Reservas.php
{
    "csrf_token": "2f3ad129cace08c304e7043f93bea58147d5f53acd06e0c0c1ae69bdcc5f0afc",
    "add_matricula_aluno": "202320206",
    "add_turma_aluno": "3º A",
    "add_nome_aluno": "Rafal oliveira",
    "add_titulo_livro": " O Jardim Secreto",
    "add_data_reserva": "2025-02-16",
    "add_data_expiracao": "2025-02-23",
    "add_situacao": "Reservado"
}
[2025-02-23 21:51:40] Requisição recebida: POST - /schoollibrary/Models/Update_Reservas.php
{
    "csrf_token": "2f3ad129cace08c304e7043f93bea58147d5f53acd06e0c0c1ae69bdcc5f0afc",
    "codReserva": "8",
    "editaMatricula": "202320206",
    "editaTurma": "3º A",
    "editaAluno": "Rafal oliveira",
    "editaTitulo": " O Jardim Secreto",
    "editaReserva": "2025-02-16",
    "editaExpiracao": "2025-02-23",
    "editaSituacao": "Disponível"
}
[2025-02-23 21:52:28] Requisição recebida: POST - /schoollibrary/Models/Insert_Emprestimo.php
{
    "csrf_token": "2f3ad129cace08c304e7043f93bea58147d5f53acd06e0c0c1ae69bdcc5f0afc",
    "add_matricula_aluno": "202320206",
    "add_turma_aluno": "3º A",
    "add_nome_aluno": "Rafal oliveira",
    "add_titulo_livro": " O Jardim Secreto",
    "add_data_emprestimo": "2025-02-16",
    "add_data_devolucao": "2025-02-23",
    "add_status_livro": "Emprestado"
}
[2025-02-23 22:00:07] Requisição recebida: POST - /schoollibrary/Models/Insert_Emprestimo.php
{
    "csrf_token": "2f3ad129cace08c304e7043f93bea58147d5f53acd06e0c0c1ae69bdcc5f0afc",
    "add_matricula_aluno": "202320207",
    "add_turma_aluno": "3º A",
    "add_nome_aluno": "Ivani Filho",
    "add_titulo_livro": "O Último Refúgio ",
    "add_data_emprestimo": "2025-02-16",
    "add_data_devolucao": "2025-02-23",
    "add_status_livro": "Emprestado"
}
[2025-02-23 22:02:20] Requisição recebida: POST - /schoollibrary/Models/Insert_Emprestimo.php
{
    "csrf_token": "2f3ad129cace08c304e7043f93bea58147d5f53acd06e0c0c1ae69bdcc5f0afc",
    "add_matricula_aluno": "202319202",
    "add_turma_aluno": "2º A",
    "add_nome_aluno": "Daniel Soares",
    "add_titulo_livro": "Aventuras Fantásticas",
    "add_data_emprestimo": "2025-02-16",
    "add_data_devolucao": "2025-03-02",
    "add_status_livro": "Emprestado"
}
[2025-02-23 22:27:43] Requisição recebida: POST - /schoollibrary/Models/Insert_Emprestimo.php
{
    "csrf_token": "2f3ad129cace08c304e7043f93bea58147d5f53acd06e0c0c1ae69bdcc5f0afc",
    "add_matricula_aluno": "202320121",
    "add_turma_aluno": "1º A",
    "add_nome_aluno": "Maria",
    "add_titulo_livro": "Java ",
    "add_data_emprestimo": "2025-02-16",
    "add_data_devolucao": "2025-02-23",
    "add_status_livro": "Emprestado"
}
[2025-02-23 23:37:24] Requisição recebida: POST - /schoollibrary/Models/Insert_Usuario.php
{
    "idUsuario": "",
    "matricula": "202567530",
    "nome": "Maria Silva",
    "telefone": "62 99495-9494",
    "email": "maria.silva@email.com",
    "senha": "addmiferw",
    "user_tipo": "Administrador",
    "user_status": "Ativo"
}
[2025-02-23 23:42:37] Requisição recebida: POST - /schoollibrary/Models/Insert_Usuario.php
{
    "idUsuario": "",
    "matricula": "202567530",
    "nome": "Maria Silva",
    "telefone": "62 99495-9494",
    "email": "maria.silva@email.com",
    "senha": "addmiferw",
    "user_tipo": "Administrador",
    "user_status": "Ativo"
}
[2025-02-23 23:43:14] Requisição recebida: POST - /schoollibrary/Models/Insert_Usuario.php
{
    "idUsuario": "",
    "matricula": "202505503",
    "nome": "maria",
    "telefone": "62 99535-3393",
    "email": "maria@email.com",
    "senha": "adfaegadf",
    "user_tipo": "Administrador",
    "user_status": "Ativo"
}
[2025-02-23 23:45:49] Requisição recebida: POST - /schoollibrary/Models/Insert_Usuario.php
{
    "idUsuario": "",
    "matricula": "202566935",
    "nome": "maria",
    "telefone": "62 99449-5532",
    "email": "maria@email.com",
    "senha": "daafgegewfw",
    "user_tipo": "Administrador",
    "user_status": "Ativo"
}
[2025-02-23 23:47:45] Requisição recebida: POST - /schoollibrary/Models/Insert_Usuario.php
{
    "idUsuario": "",
    "matricula": "202549535",
    "nome": "maria",
    "telefone": "62 99565-3953",
    "email": "maria@email.com",
    "senha": "asdf",
    "user_tipo": "Administrador",
    "user_status": "Ativo"
}
[2025-02-24 00:06:44] Requisição recebida: POST - /schoollibrary/Models/Insert_Usuario.php
{
    "idUsuario": "",
    "matricula": "202120345",
    "nome": "maria silva",
    "telefone": "62 99673-4253",
    "email": "maria@email.com",
    "senha": "admin",
    "user_tipo": "Administrador",
    "user_status": "Ativo"
}
